 gcc -I. -I/Users/ruamtp3/home/zp_strie/zp_strie/ext -DPHP_ATOM_INC -I/Users/ruamtp3/home/zp_strie/zp_strie/ext/include -I/Users/ruamtp3/home/zp_strie/zp_strie/ext/main -I/Users/ruamtp3/home/zp_strie/zp_strie/ext -I/usr/local/Cellar/php/7.3.10/include/php -I/usr/local/Cellar/php/7.3.10/include/php/main -I/usr/local/Cellar/php/7.3.10/include/php/TSRM -I/usr/local/Cellar/php/7.3.10/include/php/Zend -I/usr/local/Cellar/php/7.3.10/include/php/ext -I/usr/local/Cellar/php/7.3.10/include/php/ext/date/lib -DHAVE_CONFIG_H -O2 -fvisibility=hidden -Wparentheses -DZEPHIR_RELEASE=1 -c /Users/ruamtp3/home/zp_strie/zp_strie/ext/zp_strie/fnt_utf8.zep.c  -fno-common -DPIC -o zp_strie/.libs/fnt_utf8.o
rm -fr  .libs/zp_strie.la .libs/zp_strie.lai .libs/zp_strie.so .libs/zp_strie.so.dSYM
gcc ${wl}-flat_namespace ${wl}-undefined ${wl}suppress -o .libs/zp_strie.so -bundle  .libs/zp_strie.o kernel/.libs/main.o kernel/.libs/memory.o kernel/.libs/exception.o kernel/.libs/debug.o kernel/.libs/backtrace.o kernel/.libs/object.o kernel/.libs/array.o kernel/.libs/string.o kernel/.libs/fcall.o kernel/.libs/require.o kernel/.libs/file.o kernel/.libs/operators.o kernel/.libs/math.o kernel/.libs/concat.o kernel/.libs/variables.o kernel/.libs/filter.o kernel/.libs/iterator.o kernel/.libs/time.o kernel/.libs/exit.o zp_strie/.libs/fnt.o zp_strie/.libs/fnt_utf8.o zp_strie/.libs/trie.o  
dsymutil .libs/zp_strie.so || :
creating zp_strie.la
(cd .libs && rm -f zp_strie.la && ln -s ../zp_strie.la zp_strie.la)
cp ./.libs/zp_strie.so /Users/ruamtp3/home/zp_strie/zp_strie/ext/modules/zp_strie.so
cp ./.libs/zp_strie.lai /Users/ruamtp3/home/zp_strie/zp_strie/ext/modules/zp_strie.la
----------------------------------------------------------------------
Libraries have been installed in:
   /Users/ruamtp3/home/zp_strie/zp_strie/ext/modules

If you ever happen to want to link against installed libraries
in a given directory, LIBDIR, you must either use libtool, and
specify the full pathname of the library, or use the `-LLIBDIR'
flag during linking and do at least one of the following:
   - add LIBDIR to the `DYLD_LIBRARY_PATH' environment variable
     during execution

See any operating system documentation about shared libraries for
more information, such as the ld(1) and ld.so(8) manual pages.
----------------------------------------------------------------------

Build complete.
Don't forget to run 'make test'.


Build complete.
Don't forget to run 'make test'.

Installing shared extensions:     /usr/local/Cellar/php/7.3.10/pecl/20180731/
Installing header files:          /usr/local/Cellar/php/7.3.10/include/php/
